C51 COMPILER V9.02   USART                                                                 12/16/2014 16:11:09 PAGE 1   


C51 COMPILER V9.02, COMPILATION OF MODULE USART
OBJECT MODULE PLACED IN USART.OBJ
COMPILER INVOKED BY: C:\Keil\C51\BIN\C51.EXE USART.c BROWSE DEBUG OBJECTEXTEND

line level    source

   1          
   2          #include<P89v51Rx2.h>
   3          #include<stdio.h>
   4          //#include<USART.h>
   5          
   6           void USART_Init()      //             USART 
   7          {
   8   1      //unsigned char c;
   9   1       TMOD=0x20;
  10   1       TH1=0xFD;
  11   1       SCON=0x50;
  12   1       TR1=1;
  13   1       IEN0=0x90;
  14   1      }                         
  15          
  16          
  17          void USART_putc(unsigned char c)          ///////USART
  18          {
  19   1          SBUF=c;                                                                                                             
  20   1              while(!TI);
  21   1              TI=0;
  22   1          
  23   1      }
  24          
  25          
  26          void USART_puts(unsigned char *s)        ///////USART
  27          {
  28   1          while(*s)
  29   1          {
  30   2              USART_putc(*s);
  31   2              s++;
  32   2      
  33   2          }
  34   1      }
  35                                            
  36          
  37          void SerialPrint (short int arg)
  38          {
  39   1      unsigned char NumArray[10];
  40   1      // Convert number into string
  41   1      sprintf (NumArray, "%d", arg);
  42   1      // Send string to HyperTerminal
  43   1      USART_puts(NumArray);
  44   1      } // End of SerialPrint
  45          
  46          /*void byte_to_bin(int temp)
  47          {
  48          unsigned char buf[8];
  49          int k=0;
  50          int t=0;
  51          
  52          
  53          for(k=0;k<8;k++)
  54                  buf[k]='0';
  55          k=7;
C51 COMPILER V9.02   USART                                                                 12/16/2014 16:11:09 PAGE 2   

  56          USART_puts(buf);
  57             
  58          while(temp>1)
  59                  {
  60          
  61                  t=temp%2;
  62                  temp/=2;
  63                  if(t==1)
  64                  buf[k]='1';
  65          
  66                  else
  67                  buf[k]='0';
  68                  
  69                  k--;
  70                  
  71                  }
  72                  
  73          
  74                          if(temp==1)
  75                          buf[k]='1';
  76          
  77                          else
  78                          buf[k]='0';
  79                  USART_puts(buf);
  80          }
  81          void dec_to_hex(int temp)
  82          {
  83          unsigned char buf[2];
  84          int k=0;
  85          int t=0;
  86          
  87          
  88          for(k=0;k<2;k++)
  89                  buf[k]='0';
  90          k=2;
  91          USART_puts(buf);
  92             
  93          while(temp>15)
  94                  {
  95          
  96                  t=temp%16;
  97                  temp/=16;
  98                  
  99                  if(t<10)
 100                  buf[k]='0'+t;
 101          
 102                  else
 103                  buf[k]=('A'+(t-10));
 104                  
 105                  
 106                  k--;
 107                  
 108                  }
 109                  
 110          
 111                          if(temp<10)
 112                  buf[k]='0'+temp;
 113          
 114                          else
 115                          buf[k]=('A'+(temp-10));
 116          
 117                  USART_puts(buf);
C51 COMPILER V9.02   USART                                                                 12/16/2014 16:11:09 PAGE 3   

 118          }  */


MODULE INFORMATION:   STATIC OVERLAYABLE
   CODE SIZE        =     73    ----
   CONSTANT SIZE    =      3    ----
   XDATA SIZE       =   ----    ----
   PDATA SIZE       =   ----    ----
   DATA SIZE        =   ----      10
   IDATA SIZE       =   ----    ----
   BIT SIZE         =   ----    ----
END OF MODULE INFORMATION.


C51 COMPILATION COMPLETE.  0 WARNING(S),  0 ERROR(S)
