C51 COMPILER V9.02   RF24                                                                  02/12/2015 12:19:18 PAGE 1   


C51 COMPILER V9.02, COMPILATION OF MODULE RF24
OBJECT MODULE PLACED IN RF24.OBJ
COMPILER INVOKED BY: C:\Keil\C51\BIN\C51.EXE RF24.c BROWSE DEBUG OBJECTEXTEND

line level    source

   1          #include<spi.h>
   2          #include<USART.h>
   3          #include<P89v51Rx2.h>
   4          #include<delay.h>
   5          #include<HRD.h>
   6          
   7          sbit CE =P1^0;
   8          sbit CSN =P1^4;
   9          
  10          void write_byt_addrs(unsigned char addr,unsigned char dat)
  11          {//     unsigned char i;
  12   1              unsigned char address=addr+0x20;
  13   1              CSN=0;
  14   1              data_in[0]=spiWrite(address);
  15   1              data_in[1]=spiWrite(dat);
  16   1               CSN=1;
  17   1      }
  18          
  19          void read_byt_addrs(unsigned char addr,unsigned char count)
  20          {
  21   1                unsigned char i=0;
  22   1                CSN=0;
  23   1                for(i=0;i<=count;i++)
  24   1                data_in[i]=spiWrite(addr);
  25   1               CSN=1;
  26   1               
  27   1               for(i=0;i<=count;i++)
  28   1               { 
  29   2                      USART_puts("\ndata_in\t");
  30   2                      SerialPrint(i);
  31   2                      USART_puts("\t");
  32   2                      SerialPrint(data_in[i]);
  33   2              }
  34   1              
  35   1      }
  36          
  37          void transmit(unsigned char val)
  38          {
  39   1      //unsigned char i;
  40   1      CSN=0;
  41   1      data_in[0]=spiWrite(0xE1);
  42   1      CSN=1;
  43   1      
  44   1      CSN=0;
  45   1      data_in[0]=spiWrite(0xA0);
  46   1      data_in[1]=spiWrite(val);
  47   1      CSN=1;
  48   1      
  49   1      CE=0;
  50   1      delay(1);
  51   1      write_byt_addrs(0x00,0x3A);
  52   1      delay(1);
  53   1      CE=1;
  54   1      delay(10);
  55   1      write_byt_addrs(0x00,0x3B);
C51 COMPILER V9.02   RF24                                                                  02/12/2015 12:19:18 PAGE 2   

  56   1      }
  57          
  58          
  59          unsigned char receive()
  60          {//unsigned char i;      
  61   1      CSN=0;
  62   1      rx_data[0]=spiWrite(0x61);
  63   1      rx_data[1]=spiWrite(0x00);
  64   1      CSN=1;
  65   1      delay(10);
  66   1      
  67   1      
  68   1      CSN=0;
  69   1      data_in[0]=spiWrite(0xE2);
  70   1      CSN=1 ;
  71   1      delay(1);
  72   1      return rx_data[1];
  73   1      }
  74          
  75          void byt_write(unsigned char addrs,unsigned char val[5])
  76          {
  77   1              unsigned char add;
  78   1              add=addrs+0x20;
  79   1              CSN=0;
  80   1              data_in[0]=spiWrite(add);
  81   1              data_in[1]=spiWrite(val[0]);
  82   1              data_in[2]=spiWrite(val[1]);
  83   1              data_in[3]=spiWrite(val[2]);
  84   1              data_in[4]=spiWrite(val[3]);
  85   1              data_in[5]=spiWrite(val[4]);
  86   1              CSN=1;
  87   1      }
  88          void byt_write1()
  89          {
  90   1              unsigned char add;
  91   1              add=0x10+0x20;
  92   1              CSN=0;
  93   1              data_in[0]=spiWrite(add);
  94   1              data_in[1]=spiWrite(0xE7);
  95   1              data_in[2]=spiWrite(0xE7);
  96   1              data_in[3]=spiWrite(0xE7);
  97   1              data_in[4]=spiWrite(0xE7);
  98   1              data_in[5]=spiWrite(0xE7);
  99   1              CSN=1;
 100   1      }
 101          void write_byt_rxd()
 102          {       
 103   1               unsigned char add;
 104   1              add=0x0A+0x20;
 105   1              CSN=0;
 106   1              data_in[0]=spiWrite(add);
 107   1              data_in[1]=spiWrite(0xE7);
 108   1              data_in[2]=spiWrite(0xE7);
 109   1              data_in[3]=spiWrite(0xE7);
 110   1              data_in[4]=spiWrite(0xE7);
 111   1              data_in[5]=spiWrite(0xE7);
 112   1              CSN=1;
 113   1      
 114   1      }


MODULE INFORMATION:   STATIC OVERLAYABLE
C51 COMPILER V9.02   RF24                                                                  02/12/2015 12:19:18 PAGE 3   

   CODE SIZE        =    481    ----
   CONSTANT SIZE    =     12    ----
   XDATA SIZE       =   ----    ----
   PDATA SIZE       =   ----    ----
   DATA SIZE        =     20       8
   IDATA SIZE       =   ----    ----
   BIT SIZE         =   ----    ----
END OF MODULE INFORMATION.


C51 COMPILATION COMPLETE.  0 WARNING(S),  0 ERROR(S)
