C51 COMPILER V9.02   DELAY                                                                 12/23/2014 12:18:01 PAGE 1   


C51 COMPILER V9.02, COMPILATION OF MODULE DELAY
OBJECT MODULE PLACED IN .\delay.obj
COMPILER INVOKED BY: C:\Keil\C51\BIN\C51.EXE ..\finaldemo\delay.c BROWSE DEBUG OBJECTEXTEND PRINT(.\delay.lst) OBJECT(.\
                    -delay.obj)

line level    source

   1          void delay(unsigned char x)             ///delay mystyle....
   2          {
   3   1      unsigned char i,j;
   4   1      for(i=0;i<x;i++)
   5   1              {for(j=0;j<10;j++);}
   6   1      }
   7          
   8          /*void delay_ms(int y)
   9          {
  10          int i,j;
  11          for(i=0;i<=y;i++)
  12          {
  13                  for(j=0;j<=114;j++);
  14          }
  15          }
  16          
  17          void delay_us(int z)
  18          {
  19                  int i;
  20                  for(i=0;i<=z;i++);
  21          } */


MODULE INFORMATION:   STATIC OVERLAYABLE
   CODE SIZE        =     17    ----
   CONSTANT SIZE    =   ----    ----
   XDATA SIZE       =   ----    ----
   PDATA SIZE       =   ----    ----
   DATA SIZE        =   ----    ----
   IDATA SIZE       =   ----    ----
   BIT SIZE         =   ----    ----
END OF MODULE INFORMATION.


C51 COMPILATION COMPLETE.  0 WARNING(S),  0 ERROR(S)
